I, [2017-05-11T23:55:06.607582 #7723]  INFO -- default-centos-72: -----> Converging <default-centos-72>...
I, [2017-05-11T23:55:06.608685 #7723]  INFO -- default-centos-72: Preparing files for transfer
I, [2017-05-11T23:55:06.608770 #7723]  INFO -- default-centos-72: Preparing dna.json
I, [2017-05-11T23:55:06.609036 #7723]  INFO -- default-centos-72: Berksfile, Cheffile, cookbooks/, or metadata.rb not found so Chef will run with effectively no cookbooks. Is this intended?
I, [2017-05-11T23:55:06.609261 #7723]  INFO -- default-centos-72: Removing non-cookbook files before transfer
I, [2017-05-11T23:55:06.609781 #7723]  INFO -- default-centos-72: Preparing solo.rb
I, [2017-05-11T23:55:06.698709 #7723]  INFO -- default-centos-72: -----> Chef Omnibus installation detected (install only if missing)
I, [2017-05-11T23:55:06.719242 #7723]  INFO -- default-centos-72: Transferring files to <default-centos-72>
I, [2017-05-11T23:55:07.768484 #7723]  INFO -- default-centos-72: Starting Chef Client, version 13.0.118
I, [2017-05-11T23:55:08.049803 #7723]  INFO -- default-centos-72: [2017-05-12T06:55:08+00:00] WARN: Plugin Network: unable to detect ipaddress
I, [2017-05-11T23:55:08.049869 #7723]  INFO -- default-centos-72: [2017-05-12T06:55:08+00:00] WARN: Plugin Network: unable to detect ipaddress
I, [2017-05-11T23:55:08.578003 #7723]  INFO -- default-centos-72: resolving cookbooks for run list: ["cookbook-test"]
I, [2017-05-11T23:55:08.578062 #7723]  INFO -- default-centos-72: 
I, [2017-05-11T23:55:08.578144 #7723]  INFO -- default-centos-72: ================================================================================
I, [2017-05-11T23:55:08.578160 #7723]  INFO -- default-centos-72: Error Resolving Cookbooks for Run List:
I, [2017-05-11T23:55:08.578174 #7723]  INFO -- default-centos-72: ================================================================================
I, [2017-05-11T23:55:08.578185 #7723]  INFO -- default-centos-72: 
I, [2017-05-11T23:55:08.578197 #7723]  INFO -- default-centos-72: Missing Cookbooks:
I, [2017-05-11T23:55:08.578207 #7723]  INFO -- default-centos-72: ------------------
I, [2017-05-11T23:55:08.578217 #7723]  INFO -- default-centos-72: No such cookbook: cookbook-test
I, [2017-05-11T23:55:08.578229 #7723]  INFO -- default-centos-72: 
I, [2017-05-11T23:55:08.578251 #7723]  INFO -- default-centos-72: Expanded Run List:
I, [2017-05-11T23:55:08.578264 #7723]  INFO -- default-centos-72: ------------------
I, [2017-05-11T23:55:08.578274 #7723]  INFO -- default-centos-72: * cookbook-test
I, [2017-05-11T23:55:08.578283 #7723]  INFO -- default-centos-72: 
I, [2017-05-11T23:55:08.578295 #7723]  INFO -- default-centos-72: System Info:
I, [2017-05-11T23:55:08.578305 #7723]  INFO -- default-centos-72: ------------
I, [2017-05-11T23:55:08.578314 #7723]  INFO -- default-centos-72: chef_version=13.0.118
I, [2017-05-11T23:55:08.578326 #7723]  INFO -- default-centos-72: platform=centos
I, [2017-05-11T23:55:08.578336 #7723]  INFO -- default-centos-72: platform_version=7.3.1611
I, [2017-05-11T23:55:08.578359 #7723]  INFO -- default-centos-72: ruby=ruby 2.4.1p111 (2017-03-22 revision 58053) [x86_64-linux]
I, [2017-05-11T23:55:08.578371 #7723]  INFO -- default-centos-72: program_name=chef-solo worker: ppid=402;start=06:55:07;
I, [2017-05-11T23:55:08.578381 #7723]  INFO -- default-centos-72: executable=/opt/chef/bin/chef-solo
I, [2017-05-11T23:55:08.578393 #7723]  INFO -- default-centos-72: 
I, [2017-05-11T23:55:08.578403 #7723]  INFO -- default-centos-72: 
I, [2017-05-11T23:55:08.578425 #7723]  INFO -- default-centos-72: Running handlers:
I, [2017-05-11T23:55:08.578437 #7723]  INFO -- default-centos-72: [2017-05-12T06:55:08+00:00] ERROR: Running exception handlers
I, [2017-05-11T23:55:08.578447 #7723]  INFO -- default-centos-72: [2017-05-12T06:55:08+00:00] ERROR: Running exception handlers
I, [2017-05-11T23:55:08.578457 #7723]  INFO -- default-centos-72: Running handlers complete
I, [2017-05-11T23:55:08.578469 #7723]  INFO -- default-centos-72: [2017-05-12T06:55:08+00:00] ERROR: Exception handlers complete
I, [2017-05-11T23:55:08.578479 #7723]  INFO -- default-centos-72: [2017-05-12T06:55:08+00:00] ERROR: Exception handlers complete
I, [2017-05-11T23:55:08.578504 #7723]  INFO -- default-centos-72: Chef Client failed. 0 resources updated in 00 seconds
I, [2017-05-11T23:55:08.578537 #7723]  INFO -- default-centos-72: [2017-05-12T06:55:08+00:00] FATAL: Stacktrace dumped to /tmp/kitchen/cache/chef-stacktrace.out
I, [2017-05-11T23:55:08.578548 #7723]  INFO -- default-centos-72: [2017-05-12T06:55:08+00:00] FATAL: Stacktrace dumped to /tmp/kitchen/cache/chef-stacktrace.out
I, [2017-05-11T23:55:08.578557 #7723]  INFO -- default-centos-72: [2017-05-12T06:55:08+00:00] FATAL: Please provide the contents of the stacktrace.out file if you file a bug report
I, [2017-05-11T23:55:08.578567 #7723]  INFO -- default-centos-72: [2017-05-12T06:55:08+00:00] FATAL: Please provide the contents of the stacktrace.out file if you file a bug report
I, [2017-05-11T23:55:08.578578 #7723]  INFO -- default-centos-72: [2017-05-12T06:55:08+00:00] ERROR: 412 "Precondition Failed"
I, [2017-05-11T23:55:08.578589 #7723]  INFO -- default-centos-72: [2017-05-12T06:55:08+00:00] ERROR: 412 "Precondition Failed"
I, [2017-05-11T23:55:08.589048 #7723]  INFO -- default-centos-72: [2017-05-12T06:55:08+00:00] FATAL: Chef::Exceptions::ChildConvergeError: Chef run process exited unsuccessfully (exit code 1)
I, [2017-05-11T23:55:08.589128 #7723]  INFO -- default-centos-72: [2017-05-12T06:55:08+00:00] FATAL: Chef::Exceptions::ChildConvergeError: Chef run process exited unsuccessfully (exit code 1)
E, [2017-05-11T23:55:08.591247 #7723] ERROR -- default-centos-72: Converge failed on instance <default-centos-72>.
E, [2017-05-11T23:55:08.591371 #7723] ERROR -- default-centos-72: ------Exception-------
E, [2017-05-11T23:55:08.591387 #7723] ERROR -- default-centos-72: Class: Kitchen::ActionFailed
E, [2017-05-11T23:55:08.591396 #7723] ERROR -- default-centos-72: Message: SSH exited (1) for command: [sh -c '
TEST_KITCHEN="1"; export TEST_KITCHEN
sudo -E /opt/chef/bin/chef-solo --config /tmp/kitchen/solo.rb --log_level auto --no-color --json-attributes /tmp/kitchen/dna.json  --force-formatter 
']
E, [2017-05-11T23:55:08.591404 #7723] ERROR -- default-centos-72: ----------------------
E, [2017-05-11T23:55:08.591411 #7723] ERROR -- default-centos-72: ------Backtrace-------
E, [2017-05-11T23:55:08.591433 #7723] ERROR -- default-centos-72: /opt/chefdk/embedded/lib/ruby/gems/2.3.0/gems/test-kitchen-1.16.0/lib/kitchen/provisioner/base.rb:83:in `rescue in call'
E, [2017-05-11T23:55:08.591444 #7723] ERROR -- default-centos-72: /opt/chefdk/embedded/lib/ruby/gems/2.3.0/gems/test-kitchen-1.16.0/lib/kitchen/provisioner/base.rb:86:in `call'
E, [2017-05-11T23:55:08.591452 #7723] ERROR -- default-centos-72: /opt/chefdk/embedded/lib/ruby/gems/2.3.0/gems/test-kitchen-1.16.0/lib/kitchen/instance.rb:384:in `block in converge_action'
E, [2017-05-11T23:55:08.591459 #7723] ERROR -- default-centos-72: /opt/chefdk/embedded/lib/ruby/gems/2.3.0/gems/test-kitchen-1.16.0/lib/kitchen/instance.rb:527:in `synchronize_or_call'
E, [2017-05-11T23:55:08.591466 #7723] ERROR -- default-centos-72: /opt/chefdk/embedded/lib/ruby/gems/2.3.0/gems/test-kitchen-1.16.0/lib/kitchen/instance.rb:489:in `block in action'
E, [2017-05-11T23:55:08.591473 #7723] ERROR -- default-centos-72: /opt/chefdk/embedded/lib/ruby/2.3.0/benchmark.rb:293:in `measure'
E, [2017-05-11T23:55:08.591480 #7723] ERROR -- default-centos-72: /opt/chefdk/embedded/lib/ruby/gems/2.3.0/gems/test-kitchen-1.16.0/lib/kitchen/instance.rb:488:in `action'
E, [2017-05-11T23:55:08.591487 #7723] ERROR -- default-centos-72: /opt/chefdk/embedded/lib/ruby/gems/2.3.0/gems/test-kitchen-1.16.0/lib/kitchen/instance.rb:380:in `converge_action'
E, [2017-05-11T23:55:08.591494 #7723] ERROR -- default-centos-72: /opt/chefdk/embedded/lib/ruby/gems/2.3.0/gems/test-kitchen-1.16.0/lib/kitchen/instance.rb:359:in `block in transition_to'
E, [2017-05-11T23:55:08.591513 #7723] ERROR -- default-centos-72: /opt/chefdk/embedded/lib/ruby/gems/2.3.0/gems/test-kitchen-1.16.0/lib/kitchen/instance.rb:358:in `each'
E, [2017-05-11T23:55:08.591522 #7723] ERROR -- default-centos-72: /opt/chefdk/embedded/lib/ruby/gems/2.3.0/gems/test-kitchen-1.16.0/lib/kitchen/instance.rb:358:in `transition_to'
E, [2017-05-11T23:55:08.591535 #7723] ERROR -- default-centos-72: /opt/chefdk/embedded/lib/ruby/gems/2.3.0/gems/test-kitchen-1.16.0/lib/kitchen/instance.rb:135:in `converge'
E, [2017-05-11T23:55:08.591543 #7723] ERROR -- default-centos-72: /opt/chefdk/embedded/lib/ruby/gems/2.3.0/gems/test-kitchen-1.16.0/lib/kitchen/command.rb:197:in `public_send'
E, [2017-05-11T23:55:08.591550 #7723] ERROR -- default-centos-72: /opt/chefdk/embedded/lib/ruby/gems/2.3.0/gems/test-kitchen-1.16.0/lib/kitchen/command.rb:197:in `run_action_in_thread'
E, [2017-05-11T23:55:08.591557 #7723] ERROR -- default-centos-72: /opt/chefdk/embedded/lib/ruby/gems/2.3.0/gems/test-kitchen-1.16.0/lib/kitchen/command.rb:169:in `block (2 levels) in run_action'
E, [2017-05-11T23:55:08.591565 #7723] ERROR -- default-centos-72: ----End Backtrace-----
E, [2017-05-11T23:55:08.591571 #7723] ERROR -- default-centos-72: ---Nested Exception---
E, [2017-05-11T23:55:08.591578 #7723] ERROR -- default-centos-72: Class: Kitchen::Transport::SshFailed
E, [2017-05-11T23:55:08.591599 #7723] ERROR -- default-centos-72: Message: SSH exited (1) for command: [sh -c '
TEST_KITCHEN="1"; export TEST_KITCHEN
sudo -E /opt/chef/bin/chef-solo --config /tmp/kitchen/solo.rb --log_level auto --no-color --json-attributes /tmp/kitchen/dna.json  --force-formatter 
']
E, [2017-05-11T23:55:08.591606 #7723] ERROR -- default-centos-72: ----------------------
E, [2017-05-11T23:55:08.591615 #7723] ERROR -- default-centos-72: ------Backtrace-------
E, [2017-05-11T23:55:08.591622 #7723] ERROR -- default-centos-72: /opt/chefdk/embedded/lib/ruby/gems/2.3.0/gems/test-kitchen-1.16.0/lib/kitchen/provisioner/base.rb:83:in `rescue in call'
E, [2017-05-11T23:55:08.591629 #7723] ERROR -- default-centos-72: /opt/chefdk/embedded/lib/ruby/gems/2.3.0/gems/test-kitchen-1.16.0/lib/kitchen/provisioner/base.rb:86:in `call'
E, [2017-05-11T23:55:08.591636 #7723] ERROR -- default-centos-72: /opt/chefdk/embedded/lib/ruby/gems/2.3.0/gems/test-kitchen-1.16.0/lib/kitchen/instance.rb:384:in `block in converge_action'
E, [2017-05-11T23:55:08.591643 #7723] ERROR -- default-centos-72: /opt/chefdk/embedded/lib/ruby/gems/2.3.0/gems/test-kitchen-1.16.0/lib/kitchen/instance.rb:527:in `synchronize_or_call'
E, [2017-05-11T23:55:08.591650 #7723] ERROR -- default-centos-72: /opt/chefdk/embedded/lib/ruby/gems/2.3.0/gems/test-kitchen-1.16.0/lib/kitchen/instance.rb:489:in `block in action'
E, [2017-05-11T23:55:08.591657 #7723] ERROR -- default-centos-72: /opt/chefdk/embedded/lib/ruby/2.3.0/benchmark.rb:293:in `measure'
E, [2017-05-11T23:55:08.591664 #7723] ERROR -- default-centos-72: /opt/chefdk/embedded/lib/ruby/gems/2.3.0/gems/test-kitchen-1.16.0/lib/kitchen/instance.rb:488:in `action'
E, [2017-05-11T23:55:08.591671 #7723] ERROR -- default-centos-72: /opt/chefdk/embedded/lib/ruby/gems/2.3.0/gems/test-kitchen-1.16.0/lib/kitchen/instance.rb:380:in `converge_action'
E, [2017-05-11T23:55:08.591678 #7723] ERROR -- default-centos-72: /opt/chefdk/embedded/lib/ruby/gems/2.3.0/gems/test-kitchen-1.16.0/lib/kitchen/instance.rb:359:in `block in transition_to'
E, [2017-05-11T23:55:08.591686 #7723] ERROR -- default-centos-72: /opt/chefdk/embedded/lib/ruby/gems/2.3.0/gems/test-kitchen-1.16.0/lib/kitchen/instance.rb:358:in `each'
E, [2017-05-11T23:55:08.591694 #7723] ERROR -- default-centos-72: /opt/chefdk/embedded/lib/ruby/gems/2.3.0/gems/test-kitchen-1.16.0/lib/kitchen/instance.rb:358:in `transition_to'
E, [2017-05-11T23:55:08.591701 #7723] ERROR -- default-centos-72: /opt/chefdk/embedded/lib/ruby/gems/2.3.0/gems/test-kitchen-1.16.0/lib/kitchen/instance.rb:135:in `converge'
E, [2017-05-11T23:55:08.591708 #7723] ERROR -- default-centos-72: /opt/chefdk/embedded/lib/ruby/gems/2.3.0/gems/test-kitchen-1.16.0/lib/kitchen/command.rb:197:in `public_send'
E, [2017-05-11T23:55:08.591715 #7723] ERROR -- default-centos-72: /opt/chefdk/embedded/lib/ruby/gems/2.3.0/gems/test-kitchen-1.16.0/lib/kitchen/command.rb:197:in `run_action_in_thread'
E, [2017-05-11T23:55:08.591737 #7723] ERROR -- default-centos-72: /opt/chefdk/embedded/lib/ruby/gems/2.3.0/gems/test-kitchen-1.16.0/lib/kitchen/command.rb:169:in `block (2 levels) in run_action'
E, [2017-05-11T23:55:08.591745 #7723] ERROR -- default-centos-72: ----End Backtrace-----
