I, [2017-05-11T23:55:06.301238 #7723]  INFO -- Kitchen: -----> Starting Kitchen (v1.16.0)
I, [2017-05-11T23:55:06.607517 #7723]  INFO -- Kitchen: -----> Converging <default-centos-72>...
E, [2017-05-11T23:55:08.595812 #7723] ERROR -- Kitchen: ------Exception-------
E, [2017-05-11T23:55:08.595869 #7723] ERROR -- Kitchen: Class: Kitchen::ActionFailed
E, [2017-05-11T23:55:08.595881 #7723] ERROR -- Kitchen: Message: 1 actions failed.
>>>>>>     Converge failed on instance <default-centos-72>.  Please see .kitchen/logs/default-centos-72.log for more details
E, [2017-05-11T23:55:08.595891 #7723] ERROR -- Kitchen: ----------------------
E, [2017-05-11T23:55:08.595899 #7723] ERROR -- Kitchen: ------Backtrace-------
E, [2017-05-11T23:55:08.595907 #7723] ERROR -- Kitchen: /opt/chefdk/embedded/lib/ruby/gems/2.3.0/gems/test-kitchen-1.16.0/lib/kitchen/command.rb:183:in `report_errors'
E, [2017-05-11T23:55:08.595915 #7723] ERROR -- Kitchen: /opt/chefdk/embedded/lib/ruby/gems/2.3.0/gems/test-kitchen-1.16.0/lib/kitchen/command.rb:174:in `run_action'
E, [2017-05-11T23:55:08.595924 #7723] ERROR -- Kitchen: /opt/chefdk/embedded/lib/ruby/gems/2.3.0/gems/test-kitchen-1.16.0/lib/kitchen/command/action.rb:36:in `block in call'
E, [2017-05-11T23:55:08.595932 #7723] ERROR -- Kitchen: /opt/chefdk/embedded/lib/ruby/2.3.0/benchmark.rb:293:in `measure'
E, [2017-05-11T23:55:08.595940 #7723] ERROR -- Kitchen: /opt/chefdk/embedded/lib/ruby/gems/2.3.0/gems/test-kitchen-1.16.0/lib/kitchen/command/action.rb:34:in `call'
E, [2017-05-11T23:55:08.595949 #7723] ERROR -- Kitchen: /opt/chefdk/embedded/lib/ruby/gems/2.3.0/gems/test-kitchen-1.16.0/lib/kitchen/cli.rb:53:in `perform'
E, [2017-05-11T23:55:08.595957 #7723] ERROR -- Kitchen: /opt/chefdk/embedded/lib/ruby/gems/2.3.0/gems/test-kitchen-1.16.0/lib/kitchen/cli.rb:187:in `block (2 levels) in <class:CLI>'
E, [2017-05-11T23:55:08.595965 #7723] ERROR -- Kitchen: /opt/chefdk/embedded/lib/ruby/gems/2.3.0/gems/thor-0.19.1/lib/thor/command.rb:27:in `run'
E, [2017-05-11T23:55:08.595973 #7723] ERROR -- Kitchen: /opt/chefdk/embedded/lib/ruby/gems/2.3.0/gems/thor-0.19.1/lib/thor/invocation.rb:126:in `invoke_command'
E, [2017-05-11T23:55:08.595981 #7723] ERROR -- Kitchen: /opt/chefdk/embedded/lib/ruby/gems/2.3.0/gems/test-kitchen-1.16.0/lib/kitchen/cli.rb:334:in `invoke_task'
E, [2017-05-11T23:55:08.595989 #7723] ERROR -- Kitchen: /opt/chefdk/embedded/lib/ruby/gems/2.3.0/gems/thor-0.19.1/lib/thor.rb:359:in `dispatch'
E, [2017-05-11T23:55:08.595997 #7723] ERROR -- Kitchen: /opt/chefdk/embedded/lib/ruby/gems/2.3.0/gems/thor-0.19.1/lib/thor/base.rb:440:in `start'
E, [2017-05-11T23:55:08.596005 #7723] ERROR -- Kitchen: /opt/chefdk/embedded/lib/ruby/gems/2.3.0/gems/test-kitchen-1.16.0/bin/kitchen:13:in `block in <top (required)>'
E, [2017-05-11T23:55:08.596013 #7723] ERROR -- Kitchen: /opt/chefdk/embedded/lib/ruby/gems/2.3.0/gems/test-kitchen-1.16.0/lib/kitchen/errors.rb:171:in `with_friendly_errors'
E, [2017-05-11T23:55:08.596021 #7723] ERROR -- Kitchen: /opt/chefdk/embedded/lib/ruby/gems/2.3.0/gems/test-kitchen-1.16.0/bin/kitchen:13:in `<top (required)>'
E, [2017-05-11T23:55:08.596029 #7723] ERROR -- Kitchen: /usr/bin/kitchen:21:in `load'
E, [2017-05-11T23:55:08.596037 #7723] ERROR -- Kitchen: /usr/bin/kitchen:21:in `<main>'
E, [2017-05-11T23:55:08.596044 #7723] ERROR -- Kitchen: ----End Backtrace-----
E, [2017-05-11T23:55:08.596052 #7723] ERROR -- Kitchen: -Composite Exception--
E, [2017-05-11T23:55:08.596060 #7723] ERROR -- Kitchen: Class: Kitchen::InstanceFailure
E, [2017-05-11T23:55:08.596068 #7723] ERROR -- Kitchen: Message: Converge failed on instance <default-centos-72>.  Please see .kitchen/logs/default-centos-72.log for more details
E, [2017-05-11T23:55:08.596075 #7723] ERROR -- Kitchen: ----------------------
E, [2017-05-11T23:55:08.596083 #7723] ERROR -- Kitchen: ------Backtrace-------
E, [2017-05-11T23:55:08.596091 #7723] ERROR -- Kitchen: /opt/chefdk/embedded/lib/ruby/gems/2.3.0/gems/test-kitchen-1.16.0/lib/kitchen/provisioner/base.rb:83:in `rescue in call'
E, [2017-05-11T23:55:08.596110 #7723] ERROR -- Kitchen: /opt/chefdk/embedded/lib/ruby/gems/2.3.0/gems/test-kitchen-1.16.0/lib/kitchen/provisioner/base.rb:86:in `call'
E, [2017-05-11T23:55:08.596127 #7723] ERROR -- Kitchen: /opt/chefdk/embedded/lib/ruby/gems/2.3.0/gems/test-kitchen-1.16.0/lib/kitchen/instance.rb:384:in `block in converge_action'
E, [2017-05-11T23:55:08.596136 #7723] ERROR -- Kitchen: /opt/chefdk/embedded/lib/ruby/gems/2.3.0/gems/test-kitchen-1.16.0/lib/kitchen/instance.rb:527:in `synchronize_or_call'
E, [2017-05-11T23:55:08.596230 #7723] ERROR -- Kitchen: /opt/chefdk/embedded/lib/ruby/gems/2.3.0/gems/test-kitchen-1.16.0/lib/kitchen/instance.rb:489:in `block in action'
E, [2017-05-11T23:55:08.596244 #7723] ERROR -- Kitchen: /opt/chefdk/embedded/lib/ruby/2.3.0/benchmark.rb:293:in `measure'
E, [2017-05-11T23:55:08.596253 #7723] ERROR -- Kitchen: /opt/chefdk/embedded/lib/ruby/gems/2.3.0/gems/test-kitchen-1.16.0/lib/kitchen/instance.rb:488:in `action'
E, [2017-05-11T23:55:08.596261 #7723] ERROR -- Kitchen: /opt/chefdk/embedded/lib/ruby/gems/2.3.0/gems/test-kitchen-1.16.0/lib/kitchen/instance.rb:380:in `converge_action'
E, [2017-05-11T23:55:08.596269 #7723] ERROR -- Kitchen: /opt/chefdk/embedded/lib/ruby/gems/2.3.0/gems/test-kitchen-1.16.0/lib/kitchen/instance.rb:359:in `block in transition_to'
E, [2017-05-11T23:55:08.596277 #7723] ERROR -- Kitchen: /opt/chefdk/embedded/lib/ruby/gems/2.3.0/gems/test-kitchen-1.16.0/lib/kitchen/instance.rb:358:in `each'
E, [2017-05-11T23:55:08.596285 #7723] ERROR -- Kitchen: /opt/chefdk/embedded/lib/ruby/gems/2.3.0/gems/test-kitchen-1.16.0/lib/kitchen/instance.rb:358:in `transition_to'
E, [2017-05-11T23:55:08.596293 #7723] ERROR -- Kitchen: /opt/chefdk/embedded/lib/ruby/gems/2.3.0/gems/test-kitchen-1.16.0/lib/kitchen/instance.rb:135:in `converge'
E, [2017-05-11T23:55:08.596301 #7723] ERROR -- Kitchen: /opt/chefdk/embedded/lib/ruby/gems/2.3.0/gems/test-kitchen-1.16.0/lib/kitchen/command.rb:197:in `public_send'
E, [2017-05-11T23:55:08.596309 #7723] ERROR -- Kitchen: /opt/chefdk/embedded/lib/ruby/gems/2.3.0/gems/test-kitchen-1.16.0/lib/kitchen/command.rb:197:in `run_action_in_thread'
E, [2017-05-11T23:55:08.596317 #7723] ERROR -- Kitchen: /opt/chefdk/embedded/lib/ruby/gems/2.3.0/gems/test-kitchen-1.16.0/lib/kitchen/command.rb:169:in `block (2 levels) in run_action'
E, [2017-05-11T23:55:08.596326 #7723] ERROR -- Kitchen: ----End Backtrace-----
E, [2017-05-11T23:55:08.596333 #7723] ERROR -- Kitchen: ---Nested Exception---
E, [2017-05-11T23:55:08.596341 #7723] ERROR -- Kitchen: Class: Kitchen::ActionFailed
E, [2017-05-11T23:55:08.596349 #7723] ERROR -- Kitchen: Message: SSH exited (1) for command: [sh -c '
TEST_KITCHEN="1"; export TEST_KITCHEN
sudo -E /opt/chef/bin/chef-solo --config /tmp/kitchen/solo.rb --log_level auto --no-color --json-attributes /tmp/kitchen/dna.json  --force-formatter 
']
E, [2017-05-11T23:55:08.596357 #7723] ERROR -- Kitchen: ----------------------
E, [2017-05-11T23:55:08.596364 #7723] ERROR -- Kitchen: ------Backtrace-------
E, [2017-05-11T23:55:08.596372 #7723] ERROR -- Kitchen: /opt/chefdk/embedded/lib/ruby/gems/2.3.0/gems/test-kitchen-1.16.0/lib/kitchen/provisioner/base.rb:83:in `rescue in call'
E, [2017-05-11T23:55:08.596380 #7723] ERROR -- Kitchen: /opt/chefdk/embedded/lib/ruby/gems/2.3.0/gems/test-kitchen-1.16.0/lib/kitchen/provisioner/base.rb:86:in `call'
E, [2017-05-11T23:55:08.596387 #7723] ERROR -- Kitchen: /opt/chefdk/embedded/lib/ruby/gems/2.3.0/gems/test-kitchen-1.16.0/lib/kitchen/instance.rb:384:in `block in converge_action'
E, [2017-05-11T23:55:08.596395 #7723] ERROR -- Kitchen: /opt/chefdk/embedded/lib/ruby/gems/2.3.0/gems/test-kitchen-1.16.0/lib/kitchen/instance.rb:527:in `synchronize_or_call'
E, [2017-05-11T23:55:08.596403 #7723] ERROR -- Kitchen: /opt/chefdk/embedded/lib/ruby/gems/2.3.0/gems/test-kitchen-1.16.0/lib/kitchen/instance.rb:489:in `block in action'
E, [2017-05-11T23:55:08.596411 #7723] ERROR -- Kitchen: /opt/chefdk/embedded/lib/ruby/2.3.0/benchmark.rb:293:in `measure'
E, [2017-05-11T23:55:08.596418 #7723] ERROR -- Kitchen: /opt/chefdk/embedded/lib/ruby/gems/2.3.0/gems/test-kitchen-1.16.0/lib/kitchen/instance.rb:488:in `action'
E, [2017-05-11T23:55:08.596431 #7723] ERROR -- Kitchen: /opt/chefdk/embedded/lib/ruby/gems/2.3.0/gems/test-kitchen-1.16.0/lib/kitchen/instance.rb:380:in `converge_action'
E, [2017-05-11T23:55:08.596440 #7723] ERROR -- Kitchen: /opt/chefdk/embedded/lib/ruby/gems/2.3.0/gems/test-kitchen-1.16.0/lib/kitchen/instance.rb:359:in `block in transition_to'
E, [2017-05-11T23:55:08.596448 #7723] ERROR -- Kitchen: /opt/chefdk/embedded/lib/ruby/gems/2.3.0/gems/test-kitchen-1.16.0/lib/kitchen/instance.rb:358:in `each'
E, [2017-05-11T23:55:08.596456 #7723] ERROR -- Kitchen: /opt/chefdk/embedded/lib/ruby/gems/2.3.0/gems/test-kitchen-1.16.0/lib/kitchen/instance.rb:358:in `transition_to'
E, [2017-05-11T23:55:08.596464 #7723] ERROR -- Kitchen: /opt/chefdk/embedded/lib/ruby/gems/2.3.0/gems/test-kitchen-1.16.0/lib/kitchen/instance.rb:135:in `converge'
E, [2017-05-11T23:55:08.596472 #7723] ERROR -- Kitchen: /opt/chefdk/embedded/lib/ruby/gems/2.3.0/gems/test-kitchen-1.16.0/lib/kitchen/command.rb:197:in `public_send'
E, [2017-05-11T23:55:08.596479 #7723] ERROR -- Kitchen: /opt/chefdk/embedded/lib/ruby/gems/2.3.0/gems/test-kitchen-1.16.0/lib/kitchen/command.rb:197:in `run_action_in_thread'
E, [2017-05-11T23:55:08.596487 #7723] ERROR -- Kitchen: /opt/chefdk/embedded/lib/ruby/gems/2.3.0/gems/test-kitchen-1.16.0/lib/kitchen/command.rb:169:in `block (2 levels) in run_action'
E, [2017-05-11T23:55:08.596495 #7723] ERROR -- Kitchen: ----End Backtrace-----
